2022-04-02 13:02:58,518:INFO:PyCaret RegressionExperiment
2022-04-02 13:02:58,518:INFO:Logging name: reg-default-name
2022-04-02 13:02:58,518:INFO:ML Usecase: MLUsecase.REGRESSION
2022-04-02 13:02:58,518:INFO:version 3.0.0
2022-04-02 13:02:58,518:INFO:Initializing setup()
2022-04-02 13:02:58,518:INFO:setup(self=<pycaret.internal.pycaret_experiment.regression_experiment.RegressionExperiment object at 0x00000257FCC62640>, target=charges, train_size=0.7, test_data=None, preprocess=True, imputation_type=simple, iterative_imputation_iters=5, categorical_features=None, categorical_imputation=constant, categorical_iterative_imputer=lightgbm, ordinal_features=None, high_cardinality_features=None, high_cardinality_method=frequency, numeric_features=None, numeric_imputation=mean, numeric_iterative_imputer=lightgbm, date_features=None, ignore_features=None, normalize=True, normalize_method=zscore, transformation=False, transformation_method=yeo-johnson, handle_unknown_categorical=True, unknown_categorical_method=least_frequent, pca=False, pca_method=linear, pca_components=None, ignore_low_variance=False, combine_rare_levels=False, rare_level_threshold=0.1, bin_numeric_features=['age', 'bmi'], remove_outliers=False, outliers_threshold=0.05, remove_multicollinearity=False, multicollinearity_threshold=0.9, remove_perfect_collinearity=True, create_clusters=False, cluster_iter=20, polynomial_features=True, polynomial_degree=2, trigonometry_features=True, polynomial_threshold=0.1, group_features=None, group_names=None, feature_selection=False, feature_selection_threshold=0.8, feature_selection_method=classic, feature_interaction=True, feature_ratio=False, interaction_threshold=0.01, fix_imbalance=False, fix_imbalance_method=None, transform_target=False, transform_target_method=box-cox, data_split_shuffle=True, data_split_stratify=False, fold_strategy=kfold, fold=10, fh=1, fold_shuffle=False, fold_groups=None, n_jobs=-1, use_gpu=False, custom_pipeline=None, html=True, session_id=123, system_log=True, log_experiment=False, experiment_name=None, log_plots=False, log_profile=False, log_data=False, silent=False, seasonal_period=None, verbose=True, profile=False, profile_kwargs=None, display=None)
2022-04-02 13:02:58,518:INFO:Checking environment
2022-04-02 13:02:58,518:INFO:python_version: 3.8.8
2022-04-02 13:02:58,518:INFO:python_build: ('default', 'Apr 13 2021 15:08:03')
2022-04-02 13:02:58,518:INFO:machine: AMD64
2022-04-02 13:02:58,518:INFO:platform: Windows-10-10.0.19041-SP0
2022-04-02 13:02:58,518:INFO:Memory: svmem(total=7908093952, available=3431120896, percent=56.6, used=4476973056, free=3431120896)
2022-04-02 13:02:58,518:INFO:Physical Core: 6
2022-04-02 13:02:58,518:INFO:Logical Core: 12
2022-04-02 13:02:58,518:INFO:Checking libraries
2022-04-02 13:02:58,518:INFO:pd==1.2.4
2022-04-02 13:02:58,518:INFO:numpy==1.19.5
2022-04-02 13:02:58,518:INFO:sklearn==0.24.2
2022-04-02 13:02:58,518:INFO:lightgbm==3.3.0
2022-04-02 13:02:58,518:WARNING:xgboost not found
2022-04-02 13:02:58,518:WARNING:catboost not found
2022-04-02 13:02:59,127:INFO:mlflow==1.20.2
2022-04-02 13:02:59,127:INFO:Checking Exceptions
2022-04-02 13:02:59,127:INFO:Declaring global variables
2022-04-02 13:02:59,127:INFO:self.USI: 4343
2022-04-02 13:02:59,127:INFO:self.variable_keys: {'_available_plots', 'y', 'X_train', 'master_model_container', 'display_container', 'html_param', 'imputation_regressor', 'n_jobs_param', 'imputation_classifier', 'fold_param', 'y_train', '_internal_pipeline', 'seed', 'log_plots_param', '_all_models', 'variable_keys', 'transform_target_method_param', '_all_models_internal', 'prep_pipe', 'X_test', 'USI', 'logging_param', 'exp_name_log', 'fold_groups_param_full', '_ml_usecase', 'iterative_imputation_iters_param', 'X', 'experiment__', 'fold_groups_param', '_gpu_n_jobs_param', 'exp_id', 'stratify_param', 'transform_target_param', 'data_before_preprocess', 'fold_shuffle_param', 'y_test', '_all_metrics', 'target_param', 'fold_generator', 'gpu_param'}
2022-04-02 13:02:59,127:INFO:Preparing display monitor
2022-04-02 13:02:59,127:INFO:Preparing display monitor
2022-04-02 13:02:59,143:INFO:Importing libraries
2022-04-02 13:02:59,143:INFO:Copying data for preprocessing
2022-04-02 13:02:59,143:INFO:Declaring preprocessing parameters
2022-04-02 13:02:59,143:INFO:Creating preprocessing pipeline
2022-04-02 13:02:59,158:INFO:Preprocessing pipeline created successfully
2022-04-02 13:02:59,158:ERROR:(Process Exit): setup has been interupted with user command 'quit'. setup must rerun.
2022-04-02 13:02:59,158:INFO:Creating global containers
2022-04-02 13:02:59,158:INFO:Internal pipeline: Pipeline(memory=None, steps=[('empty_step', 'passthrough')], verbose=False)
2022-04-02 13:03:16,144:WARNING:Couldn't import xgboost.XGBRegressor
2022-04-02 13:03:16,144:WARNING:Couldn't import catboost.CatBoostRegressor
2022-04-02 13:03:16,253:WARNING:Couldn't import xgboost.XGBRegressor
2022-04-02 13:03:16,253:WARNING:Couldn't import catboost.CatBoostRegressor
2022-04-02 13:03:16,253:INFO:Creating grid variables
2022-04-02 13:03:16,269:INFO:self.master_model_container: 0
2022-04-02 13:03:16,269:INFO:self.display_container: 1
2022-04-02 13:03:16,269:INFO:Pipeline(memory=None,
         steps=[('dtypes',
                 DataTypes_Auto_infer(categorical_features=[],
                                      display_types=True, features_todrop=[],
                                      float_dtype='float32', id_columns=[],
                                      ml_usecase='regression',
                                      numerical_features=[], target='charges',
                                      time_features=[])),
                ('imputer',
                 Simple_Imputer(categorical_strategy='not_available',
                                fill_value_categorical='not_available',
                                fill_valu...
                ('dummy', Dummify(target='charges')),
                ('fix_perfect', Remove_100(target='charges')),
                ('clean_names', Clean_Colum_Names()),
                ('feature_select', 'passthrough'), ('fix_multi', 'passthrough'),
                ('dfs',
                 DFS_Classic(interactions=['multiply'], ml_usecase='regression',
                             n_jobs=-1, random_state=123, subclass='binary',
                             target='charges', top_n_correlated=0.01)),
                ('pca', 'passthrough')],
         verbose=False)
2022-04-02 13:03:16,269:INFO:setup() successfully completed......................................
2022-04-02 13:03:16,347:INFO:Initializing create_model()
2022-04-02 13:03:16,347:INFO:create_model(self=<pycaret.internal.pycaret_experiment.regression_experiment.RegressionExperiment object at 0x00000257FCC62640>, estimator=lr, fold=None, round=4, cross_validation=True, predict=True, fit_kwargs=None, groups=None, refit=True, verbose=True, system=True, add_to_model_list=True, metrics=None, display=None, kwargs={})
2022-04-02 13:03:16,347:INFO:Checking exceptions
2022-04-02 13:03:16,363:INFO:Preparing display monitor
2022-04-02 13:03:16,378:INFO:Importing libraries
2022-04-02 13:03:16,378:INFO:Copying training dataset
2022-04-02 13:03:16,378:INFO:Defining folds
2022-04-02 13:03:16,378:INFO:Declaring metric variables
2022-04-02 13:03:16,378:INFO:Importing untrained model
2022-04-02 13:03:16,394:INFO:Linear Regression Imported successfully
2022-04-02 13:03:16,409:INFO:Starting cross validation
2022-04-02 13:03:16,425:INFO:Cross validating with KFold(n_splits=10, random_state=None, shuffle=False), n_jobs=-1
2022-04-02 13:03:21,326:INFO:Calculating mean and std
2022-04-02 13:03:21,326:INFO:Creating metrics dataframe
2022-04-02 13:03:21,342:INFO:Finalizing model
2022-04-02 13:03:21,358:INFO:Uploading results into container
2022-04-02 13:03:21,358:INFO:Uploading model into container now
2022-04-02 13:03:21,373:INFO:master_model_container: 1
2022-04-02 13:03:21,373:INFO:display_container: 2
2022-04-02 13:03:21,373:INFO:LinearRegression(copy_X=True, fit_intercept=True, n_jobs=-1, normalize=False,
                 positive=False)
2022-04-02 13:03:21,373:INFO:create_model() successfully completed......................................
2022-04-02 13:03:21,483:INFO:Initializing save_model()
2022-04-02 13:03:21,483:INFO:save_model(model=LinearRegression(copy_X=True, fit_intercept=True, n_jobs=-1, normalize=False,
                 positive=False), model_name=Deployment_02042022, prep_pipe_=Pipeline(memory=None,
         steps=[('dtypes',
                 DataTypes_Auto_infer(categorical_features=[],
                                      display_types=True, features_todrop=[],
                                      float_dtype='float32', id_columns=[],
                                      ml_usecase='regression',
                                      numerical_features=[], target='charges',
                                      time_features=[])),
                ('imputer',
                 Simple_Imputer(categorical_strategy='not_available',
                                fill_value_categorical='not_available',
                                fill_valu...
                ('dummy', Dummify(target='charges')),
                ('fix_perfect', Remove_100(target='charges')),
                ('clean_names', Clean_Colum_Names()),
                ('feature_select', 'passthrough'), ('fix_multi', 'passthrough'),
                ('dfs',
                 DFS_Classic(interactions=['multiply'], ml_usecase='regression',
                             n_jobs=-1, random_state=123, subclass='binary',
                             target='charges', top_n_correlated=0.01)),
                ('pca', 'passthrough')],
         verbose=False), verbose=True, kwargs={})
2022-04-02 13:03:21,483:INFO:Adding model into prep_pipe
2022-04-02 13:03:21,498:INFO:Deployment_02042022.pkl saved in current working directory
2022-04-02 13:03:21,514:INFO:Pipeline(memory=None,
         steps=[('dtypes',
                 DataTypes_Auto_infer(categorical_features=[],
                                      display_types=True, features_todrop=[],
                                      float_dtype='float32', id_columns=[],
                                      ml_usecase='regression',
                                      numerical_features=[], target='charges',
                                      time_features=[])),
                ('imputer',
                 Simple_Imputer(categorical_strategy='not_available',
                                fill_value_categorical='not_available',
                                fill_valu...
                ('feature_select', 'passthrough'), ('fix_multi', 'passthrough'),
                ('dfs',
                 DFS_Classic(interactions=['multiply'], ml_usecase='regression',
                             n_jobs=-1, random_state=123, subclass='binary',
                             target='charges', top_n_correlated=0.01)),
                ('pca', 'passthrough'),
                ['trained_model',
                 LinearRegression(copy_X=True, fit_intercept=True, n_jobs=-1,
                                  normalize=False, positive=False)]],
         verbose=False)
2022-04-02 13:03:21,514:INFO:save_model() successfully completed......................................
2022-04-02 13:24:14,001:INFO:Initializing load_model()
2022-04-02 13:24:14,002:INFO:load_model(model_name=Deployment_02042022, platform=None, authentication=None, verbose=True)
2022-04-02 13:24:24,534:INFO:Initializing load_model()
2022-04-02 13:24:24,534:INFO:load_model(model_name=Deployment_02042022, platform=None, authentication=None, verbose=True)
2022-04-02 13:27:29,841:INFO:Initializing load_model()
2022-04-02 13:27:29,842:INFO:load_model(model_name=Deployment_02042022, platform=None, authentication=None, verbose=True)
2022-04-02 13:27:40,872:INFO:Initializing load_model()
2022-04-02 13:27:40,873:INFO:load_model(model_name=Deployment_02042022, platform=None, authentication=None, verbose=True)
2022-04-02 13:32:56,647:INFO:Initializing load_model()
2022-04-02 13:32:56,648:INFO:load_model(model_name=Deployment_02042022, platform=None, authentication=None, verbose=True)
2022-04-02 13:33:22,492:INFO:Initializing load_model()
2022-04-02 13:33:22,493:INFO:load_model(model_name=Deployment_02042022, platform=None, authentication=None, verbose=True)
2022-04-02 13:33:25,891:INFO:Initializing load_model()
2022-04-02 13:33:25,891:INFO:load_model(model_name=Deployment_02042022, platform=None, authentication=None, verbose=True)
2022-04-02 13:33:44,509:INFO:Initializing load_model()
2022-04-02 13:33:44,510:INFO:load_model(model_name=Deployment_02042022, platform=None, authentication=None, verbose=True)
2022-04-02 13:33:46,474:INFO:Initializing load_model()
2022-04-02 13:33:46,475:INFO:load_model(model_name=Deployment_02042022, platform=None, authentication=None, verbose=True)
2022-04-02 13:34:09,569:INFO:Initializing load_model()
2022-04-02 13:34:09,570:INFO:load_model(model_name=Deployment_02042022, platform=None, authentication=None, verbose=True)
2022-04-02 13:34:11,636:INFO:Initializing load_model()
2022-04-02 13:34:11,637:INFO:load_model(model_name=Deployment_02042022, platform=None, authentication=None, verbose=True)
2022-04-02 13:35:49,481:INFO:Initializing load_model()
2022-04-02 13:35:49,482:INFO:load_model(model_name=Deployment_02042022, platform=None, authentication=None, verbose=True)
2022-04-02 13:35:51,313:INFO:Initializing load_model()
2022-04-02 13:35:51,314:INFO:load_model(model_name=Deployment_02042022, platform=None, authentication=None, verbose=True)
2022-04-02 13:36:04,129:INFO:Initializing load_model()
2022-04-02 13:36:04,129:INFO:load_model(model_name=Deployment_02042022, platform=None, authentication=None, verbose=True)
2022-04-02 13:36:05,467:INFO:Initializing load_model()
2022-04-02 13:36:05,468:INFO:load_model(model_name=Deployment_02042022, platform=None, authentication=None, verbose=True)
2022-04-02 13:36:10,560:INFO:Initializing load_model()
2022-04-02 13:36:10,560:INFO:load_model(model_name=Deployment_02042022, platform=None, authentication=None, verbose=True)
2022-04-02 13:39:16,509:INFO:Initializing load_model()
2022-04-02 13:39:16,509:INFO:load_model(model_name=Deployment_02042022, platform=None, authentication=None, verbose=True)
2022-04-02 13:39:18,526:INFO:Initializing load_model()
2022-04-02 13:39:18,526:INFO:load_model(model_name=Deployment_02042022, platform=None, authentication=None, verbose=True)
2022-04-02 13:39:24,651:INFO:Initializing load_model()
2022-04-02 13:39:24,651:INFO:load_model(model_name=Deployment_02042022, platform=None, authentication=None, verbose=True)
2022-04-02 13:39:26,236:INFO:Initializing load_model()
2022-04-02 13:39:26,236:INFO:load_model(model_name=Deployment_02042022, platform=None, authentication=None, verbose=True)
2022-04-02 13:39:29,223:INFO:Initializing load_model()
2022-04-02 13:39:29,223:INFO:load_model(model_name=Deployment_02042022, platform=None, authentication=None, verbose=True)
2022-04-02 13:42:37,191:INFO:Initializing load_model()
2022-04-02 13:42:37,192:INFO:load_model(model_name=Deployment_02042022, platform=None, authentication=None, verbose=True)
2022-04-02 13:42:41,913:INFO:Initializing load_model()
2022-04-02 13:42:41,914:INFO:load_model(model_name=Deployment_02042022, platform=None, authentication=None, verbose=True)
2022-04-02 13:42:44,452:INFO:Initializing load_model()
2022-04-02 13:42:44,453:INFO:load_model(model_name=Deployment_02042022, platform=None, authentication=None, verbose=True)
2022-04-02 13:42:48,109:INFO:Initializing load_model()
2022-04-02 13:42:48,110:INFO:load_model(model_name=Deployment_02042022, platform=None, authentication=None, verbose=True)
2022-04-02 13:55:50,578:INFO:Initializing load_model()
2022-04-02 13:55:50,579:INFO:load_model(model_name=Deployment_02042022, platform=None, authentication=None, verbose=True)
2022-04-02 13:56:06,370:INFO:Initializing load_model()
2022-04-02 13:56:06,370:INFO:load_model(model_name=Deployment_02042022, platform=None, authentication=None, verbose=True)
2022-04-02 13:56:52,868:INFO:Initializing load_model()
2022-04-02 13:56:52,869:INFO:load_model(model_name=Deployment_02042022, platform=None, authentication=None, verbose=True)
2022-04-02 13:56:56,623:INFO:Initializing load_model()
2022-04-02 13:56:56,623:INFO:load_model(model_name=Deployment_02042022, platform=None, authentication=None, verbose=True)
2022-04-02 13:57:31,596:INFO:Initializing load_model()
2022-04-02 13:57:31,597:INFO:load_model(model_name=Deployment_02042022, platform=None, authentication=None, verbose=True)
2022-04-02 13:58:33,604:INFO:Initializing load_model()
2022-04-02 13:58:33,605:INFO:load_model(model_name=Deployment_02042022, platform=None, authentication=None, verbose=True)
2022-04-02 13:58:35,857:INFO:Initializing load_model()
2022-04-02 13:58:35,858:INFO:load_model(model_name=Deployment_02042022, platform=None, authentication=None, verbose=True)
2022-04-02 13:58:38,483:INFO:Initializing load_model()
2022-04-02 13:58:38,484:INFO:load_model(model_name=Deployment_02042022, platform=None, authentication=None, verbose=True)
2022-04-02 13:58:38,519:INFO:Initializing predict_model()
2022-04-02 13:58:38,519:INFO:predict_model(self=<pycaret.internal.pycaret_experiment.regression_experiment.RegressionExperiment object at 0x0000023F859F9070>, estimator=Pipeline(steps=[('dtypes',
                 DataTypes_Auto_infer(ml_usecase='regression',
                                      target='charges')),
                ('imputer',
                 Simple_Imputer(categorical_strategy='not_available',
                                numeric_strategy='mean', target='charges',
                                time_strategy='most frequent')),
                ('new_levels1',
                 New_Catagorical_Levels_in_TestData(replacement_strategy='least '
                                                                         'frequent',
                                                    target='charges')),
                ('ordinal', 'passt...
                ('fix_perfect', Remove_100(target='charges')),
                ('clean_names', Clean_Colum_Names()),
                ('feature_select', 'passthrough'), ('fix_multi', 'passthrough'),
                ('dfs',
                 DFS_Classic(interactions=['multiply'], ml_usecase='regression',
                             n_jobs=-1, random_state=123, subclass='binary',
                             target='charges', top_n_correlated=0.01)),
                ('pca', 'passthrough'),
                ['trained_model', LinearRegression(n_jobs=-1)]]), probability_threshold=None, encoded_labels=True, raw_score=False, round=4, verbose=True, ml_usecase=None, display=None)
2022-04-02 13:58:38,520:INFO:Checking exceptions
2022-04-02 13:58:38,520:INFO:Preloading libraries
2022-04-02 13:59:01,155:INFO:Initializing load_model()
2022-04-02 13:59:01,156:INFO:load_model(model_name=Deployment_02042022, platform=None, authentication=None, verbose=True)
2022-04-02 13:59:40,985:INFO:Initializing load_model()
2022-04-02 13:59:40,985:INFO:load_model(model_name=Deployment_02042022, platform=None, authentication=None, verbose=True)
2022-04-02 13:59:43,467:INFO:Initializing load_model()
2022-04-02 13:59:43,468:INFO:load_model(model_name=Deployment_02042022, platform=None, authentication=None, verbose=True)
2022-04-02 13:59:45,228:INFO:Initializing load_model()
2022-04-02 13:59:45,229:INFO:load_model(model_name=Deployment_02042022, platform=None, authentication=None, verbose=True)
2022-04-02 13:59:45,262:INFO:Initializing predict_model()
2022-04-02 13:59:45,263:INFO:predict_model(self=<pycaret.internal.pycaret_experiment.regression_experiment.RegressionExperiment object at 0x0000023F101EF700>, estimator=Pipeline(steps=[('dtypes',
                 DataTypes_Auto_infer(ml_usecase='regression',
                                      target='charges')),
                ('imputer',
                 Simple_Imputer(categorical_strategy='not_available',
                                numeric_strategy='mean', target='charges',
                                time_strategy='most frequent')),
                ('new_levels1',
                 New_Catagorical_Levels_in_TestData(replacement_strategy='least '
                                                                         'frequent',
                                                    target='charges')),
                ('ordinal', 'passt...
                ('fix_perfect', Remove_100(target='charges')),
                ('clean_names', Clean_Colum_Names()),
                ('feature_select', 'passthrough'), ('fix_multi', 'passthrough'),
                ('dfs',
                 DFS_Classic(interactions=['multiply'], ml_usecase='regression',
                             n_jobs=-1, random_state=123, subclass='binary',
                             target='charges', top_n_correlated=0.01)),
                ('pca', 'passthrough'),
                ['trained_model', LinearRegression(n_jobs=-1)]]), probability_threshold=None, encoded_labels=True, raw_score=False, round=4, verbose=True, ml_usecase=None, display=None)
2022-04-02 13:59:45,264:INFO:Checking exceptions
2022-04-02 13:59:45,264:INFO:Preloading libraries
2022-04-02 14:01:32,348:INFO:Initializing load_model()
2022-04-02 14:01:32,349:INFO:load_model(model_name=Deployment_02042022, platform=None, authentication=None, verbose=True)
2022-04-02 14:01:34,699:INFO:Initializing load_model()
2022-04-02 14:01:34,700:INFO:load_model(model_name=Deployment_02042022, platform=None, authentication=None, verbose=True)
2022-04-02 14:01:36,148:INFO:Initializing load_model()
2022-04-02 14:01:36,149:INFO:load_model(model_name=Deployment_02042022, platform=None, authentication=None, verbose=True)
2022-04-02 14:01:36,179:INFO:Initializing predict_model()
2022-04-02 14:01:36,180:INFO:predict_model(self=<pycaret.internal.pycaret_experiment.regression_experiment.RegressionExperiment object at 0x0000023F87716370>, estimator=Pipeline(steps=[('dtypes',
                 DataTypes_Auto_infer(ml_usecase='regression',
                                      target='charges')),
                ('imputer',
                 Simple_Imputer(categorical_strategy='not_available',
                                numeric_strategy='mean', target='charges',
                                time_strategy='most frequent')),
                ('new_levels1',
                 New_Catagorical_Levels_in_TestData(replacement_strategy='least '
                                                                         'frequent',
                                                    target='charges')),
                ('ordinal', 'passt...
                ('fix_perfect', Remove_100(target='charges')),
                ('clean_names', Clean_Colum_Names()),
                ('feature_select', 'passthrough'), ('fix_multi', 'passthrough'),
                ('dfs',
                 DFS_Classic(interactions=['multiply'], ml_usecase='regression',
                             n_jobs=-1, random_state=123, subclass='binary',
                             target='charges', top_n_correlated=0.01)),
                ('pca', 'passthrough'),
                ['trained_model', LinearRegression(n_jobs=-1)]]), probability_threshold=None, encoded_labels=True, raw_score=False, round=4, verbose=True, ml_usecase=None, display=None)
2022-04-02 14:01:36,181:INFO:Checking exceptions
2022-04-02 14:01:36,182:INFO:Preloading libraries
2022-04-02 14:02:04,083:INFO:Initializing load_model()
2022-04-02 14:02:04,084:INFO:load_model(model_name=Deployment_02042022, platform=None, authentication=None, verbose=True)
2022-04-02 14:02:08,189:INFO:Initializing load_model()
2022-04-02 14:02:08,189:INFO:load_model(model_name=Deployment_02042022, platform=None, authentication=None, verbose=True)
2022-04-02 14:02:10,056:INFO:Initializing load_model()
2022-04-02 14:02:10,056:INFO:load_model(model_name=Deployment_02042022, platform=None, authentication=None, verbose=True)
2022-04-02 14:02:10,094:INFO:Initializing predict_model()
2022-04-02 14:02:10,094:INFO:predict_model(self=<pycaret.internal.pycaret_experiment.regression_experiment.RegressionExperiment object at 0x0000023F877A1550>, estimator=Pipeline(steps=[('dtypes',
                 DataTypes_Auto_infer(ml_usecase='regression',
                                      target='charges')),
                ('imputer',
                 Simple_Imputer(categorical_strategy='not_available',
                                numeric_strategy='mean', target='charges',
                                time_strategy='most frequent')),
                ('new_levels1',
                 New_Catagorical_Levels_in_TestData(replacement_strategy='least '
                                                                         'frequent',
                                                    target='charges')),
                ('ordinal', 'passt...
                ('fix_perfect', Remove_100(target='charges')),
                ('clean_names', Clean_Colum_Names()),
                ('feature_select', 'passthrough'), ('fix_multi', 'passthrough'),
                ('dfs',
                 DFS_Classic(interactions=['multiply'], ml_usecase='regression',
                             n_jobs=-1, random_state=123, subclass='binary',
                             target='charges', top_n_correlated=0.01)),
                ('pca', 'passthrough'),
                ['trained_model', LinearRegression(n_jobs=-1)]]), probability_threshold=None, encoded_labels=True, raw_score=False, round=4, verbose=True, ml_usecase=None, display=None)
2022-04-02 14:02:10,094:INFO:Checking exceptions
2022-04-02 14:02:10,096:INFO:Preloading libraries
2022-04-02 14:04:24,420:INFO:Initializing load_model()
2022-04-02 14:04:24,421:INFO:load_model(model_name=Deployment_02042022, platform=None, authentication=None, verbose=True)
2022-04-02 14:04:26,325:INFO:Initializing load_model()
2022-04-02 14:04:26,326:INFO:load_model(model_name=Deployment_02042022, platform=None, authentication=None, verbose=True)
2022-04-02 14:04:27,943:INFO:Initializing load_model()
2022-04-02 14:04:27,943:INFO:load_model(model_name=Deployment_02042022, platform=None, authentication=None, verbose=True)
2022-04-02 14:04:27,979:INFO:Initializing predict_model()
2022-04-02 14:04:27,980:INFO:predict_model(self=<pycaret.internal.pycaret_experiment.regression_experiment.RegressionExperiment object at 0x0000023F877B2700>, estimator=Pipeline(steps=[('dtypes',
                 DataTypes_Auto_infer(ml_usecase='regression',
                                      target='charges')),
                ('imputer',
                 Simple_Imputer(categorical_strategy='not_available',
                                numeric_strategy='mean', target='charges',
                                time_strategy='most frequent')),
                ('new_levels1',
                 New_Catagorical_Levels_in_TestData(replacement_strategy='least '
                                                                         'frequent',
                                                    target='charges')),
                ('ordinal', 'passt...
                ('fix_perfect', Remove_100(target='charges')),
                ('clean_names', Clean_Colum_Names()),
                ('feature_select', 'passthrough'), ('fix_multi', 'passthrough'),
                ('dfs',
                 DFS_Classic(interactions=['multiply'], ml_usecase='regression',
                             n_jobs=-1, random_state=123, subclass='binary',
                             target='charges', top_n_correlated=0.01)),
                ('pca', 'passthrough'),
                ['trained_model', LinearRegression(n_jobs=-1)]]), probability_threshold=None, encoded_labels=True, raw_score=False, round=4, verbose=True, ml_usecase=None, display=None)
2022-04-02 14:04:27,980:INFO:Checking exceptions
2022-04-02 14:04:27,981:INFO:Preloading libraries
2022-04-02 14:04:30,217:INFO:Initializing load_model()
2022-04-02 14:04:30,217:INFO:load_model(model_name=Deployment_02042022, platform=None, authentication=None, verbose=True)
2022-04-02 14:04:31,082:INFO:Initializing load_model()
2022-04-02 14:04:31,083:INFO:load_model(model_name=Deployment_02042022, platform=None, authentication=None, verbose=True)
2022-04-02 14:04:31,119:INFO:Initializing predict_model()
2022-04-02 14:04:31,120:INFO:predict_model(self=<pycaret.internal.pycaret_experiment.regression_experiment.RegressionExperiment object at 0x0000023F876B6940>, estimator=Pipeline(steps=[('dtypes',
                 DataTypes_Auto_infer(ml_usecase='regression',
                                      target='charges')),
                ('imputer',
                 Simple_Imputer(categorical_strategy='not_available',
                                numeric_strategy='mean', target='charges',
                                time_strategy='most frequent')),
                ('new_levels1',
                 New_Catagorical_Levels_in_TestData(replacement_strategy='least '
                                                                         'frequent',
                                                    target='charges')),
                ('ordinal', 'passt...
                ('fix_perfect', Remove_100(target='charges')),
                ('clean_names', Clean_Colum_Names()),
                ('feature_select', 'passthrough'), ('fix_multi', 'passthrough'),
                ('dfs',
                 DFS_Classic(interactions=['multiply'], ml_usecase='regression',
                             n_jobs=-1, random_state=123, subclass='binary',
                             target='charges', top_n_correlated=0.01)),
                ('pca', 'passthrough'),
                ['trained_model', LinearRegression(n_jobs=-1)]]), probability_threshold=None, encoded_labels=True, raw_score=False, round=4, verbose=True, ml_usecase=None, display=None)
2022-04-02 14:04:31,121:INFO:Checking exceptions
2022-04-02 14:04:31,121:INFO:Preloading libraries
